# JRE version: OpenJDK Runtime Environment (11.0.10) (build 11.0.10+0-b96-7249189)
# Java VM: OpenJDK 64-Bit Server VM (11.0.10+0-b96-7249189, mixed mode, tiered, compressed oops, g1 gc, windows-amd64)
Heap:
 garbage-first heap   total 189440K, used 151554K [0x00000000a0000000, 0x0000000100000000)
  region size 1024K, 6 young (6144K), 3 survivors (3072K)
 Metaspace       used 85048K, capacity 89434K, committed 89508K, reserved 1126400K
  class space    used 11131K, capacity 12509K, committed 12544K, reserved 1048576K
GC Heap History (20 events):
Event: 64.526 GC heap before
{Heap before GC invocations=55 (full 0):
 garbage-first heap   total 189440K, used 163373K [0x00000000a0000000, 0x0000000100000000)
  region size 1024K, 41 young (41984K), 2 survivors (2048K)
 Metaspace       used 80995K, capacity 85216K, committed 85284K, reserved 1122304K
  class space    used 10561K, capacity 11855K, committed 11904K, reserved 1048576K
}
Event: 64.531 GC heap after
{Heap after GC invocations=56 (full 0):
 garbage-first heap   total 189440K, used 123540K [0x00000000a0000000, 0x0000000100000000)
  region size 1024K, 2 young (2048K), 2 survivors (2048K)
 Metaspace       used 80995K, capacity 85216K, committed 85284K, reserved 1122304K
  class space    used 10561K, capacity 11855K, committed 11904K, reserved 1048576K
}
Event: 66.297 GC heap before
{Heap before GC invocations=56 (full 0):
 garbage-first heap   total 189440K, used 163476K [0x00000000a0000000, 0x0000000100000000)
  region size 1024K, 41 young (41984K), 2 survivors (2048K)
 Metaspace       used 80995K, capacity 85216K, committed 85284K, reserved 1122304K
  class space    used 10561K, capacity 11855K, committed 11904K, reserved 1048576K
}
Event: 66.301 GC heap after
{Heap after GC invocations=57 (full 0):
 garbage-first heap   total 189440K, used 123517K [0x00000000a0000000, 0x0000000100000000)
  region size 1024K, 2 young (2048K), 2 survivors (2048K)
 Metaspace       used 80995K, capacity 85216K, committed 85284K, reserved 1122304K
  class space    used 10561K, capacity 11855K, committed 11904K, reserved 1048576K
}
Event: 67.936 GC heap before
{Heap before GC invocations=58 (full 0):
 garbage-first heap   total 189440K, used 163453K [0x00000000a0000000, 0x0000000100000000)
  region size 1024K, 41 young (41984K), 2 survivors (2048K)
 Metaspace       used 80996K, capacity 85216K, committed 85284K, reserved 1122304K
  class space    used 10561K, capacity 11855K, committed 11904K, reserved 1048576K
}
Event: 67.941 GC heap after
{Heap after GC invocations=59 (full 0):
 garbage-first heap   total 189440K, used 123223K [0x00000000a0000000, 0x0000000100000000)
  region size 1024K, 1 young (1024K), 1 survivors (1024K)
 Metaspace       used 80996K, capacity 85216K, committed 85284K, reserved 1122304K
  class space    used 10561K, capacity 11855K, committed 11904K, reserved 1048576K
}
Event: 70.020 GC heap before
{Heap before GC invocations=59 (full 0):
 garbage-first heap   total 189440K, used 164183K [0x00000000a0000000, 0x0000000100000000)
  region size 1024K, 41 young (41984K), 1 survivors (1024K)
 Metaspace       used 82557K, capacity 86864K, committed 87076K, reserved 1124352K
  class space    used 10747K, capacity 12094K, committed 12160K, reserved 1048576K
}
Event: 70.044 GC heap after
{Heap after GC invocations=60 (full 0):
 garbage-first heap   total 189440K, used 130617K [0x00000000a0000000, 0x0000000100000000)
  region size 1024K, 6 young (6144K), 6 survivors (6144K)
 Metaspace       used 82557K, capacity 86864K, committed 87076K, reserved 1124352K
  class space    used 10747K, capacity 12094K, committed 12160K, reserved 1048576K
}
Event: 71.339 GC heap before
{Heap before GC invocations=61 (full 0):
 garbage-first heap   total 189440K, used 161337K [0x00000000a0000000, 0x0000000100000000)
  region size 1024K, 36 young (36864K), 6 survivors (6144K)
 Metaspace       used 83088K, capacity 87425K, committed 87716K, reserved 1124352K
  class space    used 10816K, capacity 12187K, committed 12288K, reserved 1048576K
}
Event: 71.376 GC heap after
{Heap after GC invocations=62 (full 0):
 garbage-first heap   total 189440K, used 138508K [0x00000000a0000000, 0x0000000100000000)
  region size 1024K, 5 young (5120K), 5 survivors (5120K)
 Metaspace       used 83088K, capacity 87425K, committed 87716K, reserved 1124352K
  class space    used 10816K, capacity 12187K, committed 12288K, reserved 1048576K
}
Event: 72.198 GC heap before
{Heap before GC invocations=62 (full 0):
 garbage-first heap   total 189440K, used 158988K [0x00000000a0000000, 0x0000000100000000)
  region size 1024K, 25 young (25600K), 5 survivors (5120K)
 Metaspace       used 83740K, capacity 88108K, committed 88228K, reserved 1126400K
  class space    used 10909K, capacity 12279K, committed 12288K, reserved 1048576K
}
Event: 72.214 GC heap after
{Heap after GC invocations=63 (full 0):
 garbage-first heap   total 189440K, used 141811K [0x00000000a0000000, 0x0000000100000000)
  region size 1024K, 3 young (3072K), 3 survivors (3072K)
 Metaspace       used 83740K, capacity 88108K, committed 88228K, reserved 1126400K
  class space    used 10909K, capacity 12279K, committed 12288K, reserved 1048576K
}
Event: 73.167 GC heap before
{Heap before GC invocations=64 (full 0):
 garbage-first heap   total 189440K, used 155123K [0x00000000a0000000, 0x0000000100000000)
  region size 1024K, 18 young (18432K), 3 survivors (3072K)
 Metaspace       used 84277K, capacity 88632K, committed 88868K, reserved 1126400K
  class space    used 10990K, capacity 12346K, committed 12416K, reserved 1048576K
}
Event: 73.181 GC heap after
{Heap after GC invocations=65 (full 0):
 garbage-first heap   total 189440K, used 144902K [0x00000000a0000000, 0x0000000100000000)
  region size 1024K, 3 young (3072K), 3 survivors (3072K)
 Metaspace       used 84277K, capacity 88632K, committed 88868K, reserved 1126400K
  class space    used 10990K, capacity 12346K, committed 12416K, reserved 1048576K
}
Event: 73.935 GC heap before
{Heap before GC invocations=66 (full 0):
 garbage-first heap   total 189440K, used 161286K [0x00000000a0000000, 0x0000000100000000)
  region size 1024K, 19 young (19456K), 3 survivors (3072K)
 Metaspace       used 84468K, capacity 88835K, committed 88868K, reserved 1126400K
  class space    used 11026K, capacity 12393K, committed 12416K, reserved 1048576K
}
Event: 73.944 GC heap after
{Heap after GC invocations=67 (full 0):
 garbage-first heap   total 189440K, used 147605K [0x00000000a0000000, 0x0000000100000000)
  region size 1024K, 3 young (3072K), 3 survivors (3072K)
 Metaspace       used 84468K, capacity 88835K, committed 88868K, reserved 1126400K
  class space    used 11026K, capacity 12393K, committed 12416K, reserved 1048576K
}
Event: 74.421 GC heap before
{Heap before GC invocations=67 (full 0):
 garbage-first heap   total 189440K, used 161941K [0x00000000a0000000, 0x0000000100000000)
  region size 1024K, 17 young (17408K), 3 survivors (3072K)
 Metaspace       used 84472K, capacity 88835K, committed 88868K, reserved 1126400K
  class space    used 11026K, capacity 12393K, committed 12416K, reserved 1048576K
}
Event: 74.426 GC heap after
{Heap after GC invocations=68 (full 0):
 garbage-first heap   total 189440K, used 148445K [0x00000000a0000000, 0x0000000100000000)
  region size 1024K, 3 young (3072K), 3 survivors (3072K)
 Metaspace       used 84472K, capacity 88835K, committed 88868K, reserved 1126400K
  class space    used 11026K, capacity 12393K, committed 12416K, reserved 1048576K
}
Event: 74.957 GC heap before
{Heap before GC invocations=68 (full 0):
 garbage-first heap   total 189440K, used 162781K [0x00000000a0000000, 0x0000000100000000)
  region size 1024K, 17 young (17408K), 3 survivors (3072K)
 Metaspace       used 84879K, capacity 89261K, committed 89508K, reserved 1126400K
  class space    used 11110K, capacity 12493K, committed 12544K, reserved 1048576K
}
Event: 74.963 GC heap after
{Heap after GC invocations=69 (full 0):
 garbage-first heap   total 189440K, used 149506K [0x00000000a0000000, 0x0000000100000000)
  region size 1024K, 3 young (3072K), 3 survivors (3072K)
 Metaspace       used 84879K, capacity 89261K, committed 89508K, reserved 1126400K
  class space    used 11110K, capacity 12493K, committed 12544K, reserved 1048576K
}

