# JRE version: OpenJDK Runtime Environment (11.0.10) (build 11.0.10+0-b96-7249189)
# Java VM: OpenJDK 64-Bit Server VM (11.0.10+0-b96-7249189, mixed mode, tiered, compressed oops, g1 gc, windows-amd64)
Heap:
 garbage-first heap   total 249856K, used 159727K [0x00000000a0000000, 0x0000000100000000)
  region size 1024K, 21 young (21504K), 0 survivors (0K)
 Metaspace       used 92868K, capacity 97852K, committed 98332K, reserved 1134592K
  class space    used 11717K, capacity 13260K, committed 13440K, reserved 1048576K
GC Heap History (20 events):
Event: 1392.170 GC heap before
{Heap before GC invocations=82 (full 8):
 garbage-first heap   total 249856K, used 188970K [0x00000000a0000000, 0x0000000100000000)
  region size 1024K, 47 young (48128K), 1 survivors (1024K)
 Metaspace       used 92458K, capacity 97398K, committed 97820K, reserved 1134592K
  class space    used 11714K, capacity 13255K, committed 13440K, reserved 1048576K
}
Event: 1392.172 GC heap after
{Heap after GC invocations=83 (full 8):
 garbage-first heap   total 249856K, used 141864K [0x00000000a0000000, 0x0000000100000000)
  region size 1024K, 1 young (1024K), 1 survivors (1024K)
 Metaspace       used 92458K, capacity 97398K, committed 97820K, reserved 1134592K
  class space    used 11714K, capacity 13255K, committed 13440K, reserved 1048576K
}
Event: 1392.764 GC heap before
{Heap before GC invocations=83 (full 8):
 garbage-first heap   total 249856K, used 192040K [0x00000000a0000000, 0x0000000100000000)
  region size 1024K, 50 young (51200K), 1 survivors (1024K)
 Metaspace       used 92458K, capacity 97398K, committed 97820K, reserved 1134592K
  class space    used 11714K, capacity 13255K, committed 13440K, reserved 1048576K
}
Event: 1392.765 GC heap after
{Heap after GC invocations=84 (full 8):
 garbage-first heap   total 249856K, used 141873K [0x00000000a0000000, 0x0000000100000000)
  region size 1024K, 1 young (1024K), 1 survivors (1024K)
 Metaspace       used 92458K, capacity 97398K, committed 97820K, reserved 1134592K
  class space    used 11714K, capacity 13255K, committed 13440K, reserved 1048576K
}
Event: 1393.372 GC heap before
{Heap before GC invocations=84 (full 8):
 garbage-first heap   total 249856K, used 195121K [0x00000000a0000000, 0x0000000100000000)
  region size 1024K, 53 young (54272K), 1 survivors (1024K)
 Metaspace       used 92458K, capacity 97398K, committed 97820K, reserved 1134592K
  class space    used 11714K, capacity 13255K, committed 13440K, reserved 1048576K
}
Event: 1393.373 GC heap after
{Heap after GC invocations=85 (full 8):
 garbage-first heap   total 249856K, used 141867K [0x00000000a0000000, 0x0000000100000000)
  region size 1024K, 1 young (1024K), 1 survivors (1024K)
 Metaspace       used 92458K, capacity 97398K, committed 97820K, reserved 1134592K
  class space    used 11714K, capacity 13255K, committed 13440K, reserved 1048576K
}
Event: 1393.742 GC heap before
{Heap before GC invocations=85 (full 8):
 garbage-first heap   total 249856K, used 199211K [0x00000000a0000000, 0x0000000100000000)
  region size 1024K, 57 young (58368K), 1 survivors (1024K)
 Metaspace       used 92516K, capacity 97463K, committed 98076K, reserved 1134592K
  class space    used 11714K, capacity 13255K, committed 13440K, reserved 1048576K
}
Event: 1393.743 GC heap after
{Heap after GC invocations=86 (full 8):
 garbage-first heap   total 249856K, used 141827K [0x00000000a0000000, 0x0000000100000000)
  region size 1024K, 1 young (1024K), 1 survivors (1024K)
 Metaspace       used 92516K, capacity 97463K, committed 98076K, reserved 1134592K
  class space    used 11714K, capacity 13255K, committed 13440K, reserved 1048576K
}
Event: 1394.164 GC heap before
{Heap before GC invocations=86 (full 8):
 garbage-first heap   total 249856K, used 202243K [0x00000000a0000000, 0x0000000100000000)
  region size 1024K, 60 young (61440K), 1 survivors (1024K)
 Metaspace       used 92602K, capacity 97606K, committed 98076K, reserved 1134592K
  class space    used 11715K, capacity 13257K, committed 13440K, reserved 1048576K
}
Event: 1394.179 GC heap after
{Heap after GC invocations=87 (full 8):
 garbage-first heap   total 249856K, used 149112K [0x00000000a0000000, 0x0000000100000000)
  region size 1024K, 8 young (8192K), 8 survivors (8192K)
 Metaspace       used 92602K, capacity 97606K, committed 98076K, reserved 1134592K
  class space    used 11715K, capacity 13257K, committed 13440K, reserved 1048576K
}
Event: 1399.840 GC heap before
{Heap before GC invocations=87 (full 8):
 garbage-first heap   total 249856K, used 203384K [0x00000000a0000000, 0x0000000100000000)
  region size 1024K, 60 young (61440K), 8 survivors (8192K)
 Metaspace       used 92737K, capacity 97683K, committed 98076K, reserved 1134592K
  class space    used 11715K, capacity 13257K, committed 13440K, reserved 1048576K
}
Event: 1399.871 GC heap after
{Heap after GC invocations=88 (full 8):
 garbage-first heap   total 249856K, used 160723K [0x00000000a0000000, 0x0000000100000000)
  region size 1024K, 8 young (8192K), 8 survivors (8192K)
 Metaspace       used 92737K, capacity 97683K, committed 98076K, reserved 1134592K
  class space    used 11715K, capacity 13257K, committed 13440K, reserved 1048576K
}
Event: 1400.074 GC heap before
{Heap before GC invocations=88 (full 8):
 garbage-first heap   total 249856K, used 168915K [0x00000000a0000000, 0x0000000100000000)
  region size 1024K, 18 young (18432K), 8 survivors (8192K)
 Metaspace       used 92763K, capacity 97755K, committed 98332K, reserved 1134592K
  class space    used 11715K, capacity 13257K, committed 13440K, reserved 1048576K
}
Event: 1400.308 GC heap after
{Heap after GC invocations=89 (full 9):
 garbage-first heap   total 249856K, used 139176K [0x00000000a0000000, 0x0000000100000000)
  region size 1024K, 0 young (0K), 0 survivors (0K)
 Metaspace       used 92763K, capacity 97755K, committed 98332K, reserved 1134592K
  class space    used 11715K, capacity 13257K, committed 13440K, reserved 1048576K
}
Event: 1400.334 GC heap before
{Heap before GC invocations=89 (full 9):
 garbage-first heap   total 249856K, used 139176K [0x00000000a0000000, 0x0000000100000000)
  region size 1024K, 1 young (1024K), 0 survivors (0K)
 Metaspace       used 92763K, capacity 97755K, committed 98332K, reserved 1134592K
  class space    used 11715K, capacity 13257K, committed 13440K, reserved 1048576K
}
Event: 1400.520 GC heap after
{Heap after GC invocations=90 (full 10):
 garbage-first heap   total 249856K, used 139174K [0x00000000a0000000, 0x0000000100000000)
  region size 1024K, 0 young (0K), 0 survivors (0K)
 Metaspace       used 92763K, capacity 97755K, committed 98332K, reserved 1134592K
  class space    used 11715K, capacity 13257K, committed 13440K, reserved 1048576K
}
Event: 1400.559 GC heap before
{Heap before GC invocations=90 (full 10):
 garbage-first heap   total 249856K, used 140198K [0x00000000a0000000, 0x0000000100000000)
  region size 1024K, 2 young (2048K), 0 survivors (0K)
 Metaspace       used 92766K, capacity 97756K, committed 98332K, reserved 1134592K
  class space    used 11715K, capacity 13257K, committed 13440K, reserved 1048576K
}
Event: 1400.742 GC heap after
{Heap after GC invocations=91 (full 11):
 garbage-first heap   total 249856K, used 139235K [0x00000000a0000000, 0x0000000100000000)
  region size 1024K, 0 young (0K), 0 survivors (0K)
 Metaspace       used 92766K, capacity 97756K, committed 98332K, reserved 1134592K
  class space    used 11715K, capacity 13257K, committed 13440K, reserved 1048576K
}
Event: 1400.776 GC heap before
{Heap before GC invocations=91 (full 11):
 garbage-first heap   total 249856K, used 139235K [0x00000000a0000000, 0x0000000100000000)
  region size 1024K, 1 young (1024K), 0 survivors (0K)
 Metaspace       used 92773K, capacity 97759K, committed 98332K, reserved 1134592K
  class space    used 11715K, capacity 13257K, committed 13440K, reserved 1048576K
}
Event: 1401.057 GC heap after
{Heap after GC invocations=92 (full 12):
 garbage-first heap   total 249856K, used 139247K [0x00000000a0000000, 0x0000000100000000)
  region size 1024K, 0 young (0K), 0 survivors (0K)
 Metaspace       used 92773K, capacity 97759K, committed 98332K, reserved 1134592K
  class space    used 11715K, capacity 13257K, committed 13440K, reserved 1048576K
}

