# JRE version: OpenJDK Runtime Environment (11.0.10) (build 11.0.10+0-b96-7249189)
# Java VM: OpenJDK 64-Bit Server VM (11.0.10+0-b96-7249189, mixed mode, tiered, compressed oops, g1 gc, windows-amd64)
Heap:
 garbage-first heap   total 392192K, used 294503K [0x00000000a0000000, 0x0000000100000000)
  region size 1024K, 14 young (14336K), 4 survivors (4096K)
 Metaspace       used 96164K, capacity 100987K, committed 101276K, reserved 1136640K
  class space    used 12483K, capacity 14011K, committed 14080K, reserved 1048576K
GC Heap History (20 events):
Event: 48.755 GC heap before
{Heap before GC invocations=60 (full 0):
 garbage-first heap   total 339968K, used 302961K [0x00000000a0000000, 0x0000000100000000)
  region size 1024K, 17 young (17408K), 2 survivors (2048K)
 Metaspace       used 93741K, capacity 98449K, committed 98588K, reserved 1134592K
  class space    used 12181K, capacity 13678K, committed 13696K, reserved 1048576K
}
Event: 48.759 GC heap after
{Heap after GC invocations=61 (full 0):
 garbage-first heap   total 339968K, used 290052K [0x00000000a0000000, 0x0000000100000000)
  region size 1024K, 1 young (1024K), 1 survivors (1024K)
 Metaspace       used 93741K, capacity 98449K, committed 98588K, reserved 1134592K
  class space    used 12181K, capacity 13678K, committed 13696K, reserved 1048576K
}
Event: 49.370 GC heap before
{Heap before GC invocations=61 (full 0):
 garbage-first heap   total 339968K, used 304388K [0x00000000a0000000, 0x0000000100000000)
  region size 1024K, 17 young (17408K), 1 survivors (1024K)
 Metaspace       used 93969K, capacity 98688K, committed 98972K, reserved 1134592K
  class space    used 12212K, capacity 13714K, committed 13824K, reserved 1048576K
}
Event: 49.379 GC heap after
{Heap after GC invocations=62 (full 0):
 garbage-first heap   total 339968K, used 291502K [0x00000000a0000000, 0x0000000100000000)
  region size 1024K, 2 young (2048K), 2 survivors (2048K)
 Metaspace       used 93969K, capacity 98688K, committed 98972K, reserved 1134592K
  class space    used 12212K, capacity 13714K, committed 13824K, reserved 1048576K
}
Event: 49.684 GC heap before
{Heap before GC invocations=63 (full 0):
 garbage-first heap   total 339968K, used 304814K [0x00000000a0000000, 0x0000000100000000)
  region size 1024K, 17 young (17408K), 2 survivors (2048K)
 Metaspace       used 94072K, capacity 98787K, committed 98972K, reserved 1134592K
  class space    used 12228K, capacity 13741K, committed 13824K, reserved 1048576K
}
Event: 49.691 GC heap after
{Heap after GC invocations=64 (full 0):
 garbage-first heap   total 339968K, used 293495K [0x00000000a0000000, 0x0000000100000000)
  region size 1024K, 2 young (2048K), 2 survivors (2048K)
 Metaspace       used 94072K, capacity 98787K, committed 98972K, reserved 1134592K
  class space    used 12228K, capacity 13741K, committed 13824K, reserved 1048576K
}
Event: 49.856 GC heap before
{Heap before GC invocations=64 (full 0):
 garbage-first heap   total 339968K, used 306807K [0x00000000a0000000, 0x0000000100000000)
  region size 1024K, 17 young (17408K), 2 survivors (2048K)
 Metaspace       used 94097K, capacity 98855K, committed 98972K, reserved 1134592K
  class space    used 12229K, capacity 13742K, committed 13824K, reserved 1048576K
}
Event: 49.864 GC heap after
{Heap after GC invocations=65 (full 0):
 garbage-first heap   total 339968K, used 294713K [0x00000000a0000000, 0x0000000100000000)
  region size 1024K, 2 young (2048K), 2 survivors (2048K)
 Metaspace       used 94097K, capacity 98855K, committed 98972K, reserved 1134592K
  class space    used 12229K, capacity 13742K, committed 13824K, reserved 1048576K
}
Event: 50.191 GC heap before
{Heap before GC invocations=65 (full 0):
 garbage-first heap   total 339968K, used 309049K [0x00000000a0000000, 0x0000000100000000)
  region size 1024K, 17 young (17408K), 2 survivors (2048K)
 Metaspace       used 94199K, capacity 99001K, committed 99228K, reserved 1134592K
  class space    used 12232K, capacity 13746K, committed 13824K, reserved 1048576K
}
Event: 50.197 GC heap after
{Heap after GC invocations=66 (full 0):
 garbage-first heap   total 339968K, used 297043K [0x00000000a0000000, 0x0000000100000000)
  region size 1024K, 2 young (2048K), 2 survivors (2048K)
 Metaspace       used 94199K, capacity 99001K, committed 99228K, reserved 1134592K
  class space    used 12232K, capacity 13746K, committed 13824K, reserved 1048576K
}
Event: 50.728 GC heap before
{Heap before GC invocations=67 (full 0):
 garbage-first heap   total 339968K, used 311379K [0x00000000a0000000, 0x0000000100000000)
  region size 1024K, 16 young (16384K), 2 survivors (2048K)
 Metaspace       used 94379K, capacity 99092K, committed 99228K, reserved 1134592K
  class space    used 12250K, capacity 13753K, committed 13824K, reserved 1048576K
}
Event: 50.734 GC heap after
{Heap after GC invocations=68 (full 0):
 garbage-first heap   total 339968K, used 297920K [0x00000000a0000000, 0x0000000100000000)
  region size 1024K, 2 young (2048K), 2 survivors (2048K)
 Metaspace       used 94379K, capacity 99092K, committed 99228K, reserved 1134592K
  class space    used 12250K, capacity 13753K, committed 13824K, reserved 1048576K
}
Event: 50.915 GC heap before
{Heap before GC invocations=68 (full 0):
 garbage-first heap   total 339968K, used 312256K [0x00000000a0000000, 0x0000000100000000)
  region size 1024K, 16 young (16384K), 2 survivors (2048K)
 Metaspace       used 95151K, capacity 100025K, committed 100124K, reserved 1136640K
  class space    used 12353K, capacity 13884K, committed 13952K, reserved 1048576K
}
Event: 50.923 GC heap after
{Heap after GC invocations=69 (full 0):
 garbage-first heap   total 339968K, used 299919K [0x00000000a0000000, 0x0000000100000000)
  region size 1024K, 2 young (2048K), 2 survivors (2048K)
 Metaspace       used 95151K, capacity 100025K, committed 100124K, reserved 1136640K
  class space    used 12353K, capacity 13884K, committed 13952K, reserved 1048576K
}
Event: 51.031 GC heap before
{Heap before GC invocations=69 (full 0):
 garbage-first heap   total 339968K, used 309135K [0x00000000a0000000, 0x0000000100000000)
  region size 1024K, 12 young (12288K), 2 survivors (2048K)
 Metaspace       used 95445K, capacity 100321K, committed 100380K, reserved 1136640K
  class space    used 12385K, capacity 13919K, committed 13952K, reserved 1048576K
}
Event: 51.037 GC heap after
{Heap after GC invocations=70 (full 0):
 garbage-first heap   total 339968K, used 301239K [0x00000000a0000000, 0x0000000100000000)
  region size 1024K, 2 young (2048K), 2 survivors (2048K)
 Metaspace       used 95445K, capacity 100321K, committed 100380K, reserved 1136640K
  class space    used 12385K, capacity 13919K, committed 13952K, reserved 1048576K
}
Event: 51.880 GC heap before
{Heap before GC invocations=71 (full 0):
 garbage-first heap   total 392192K, used 345271K [0x00000000a0000000, 0x0000000100000000)
  region size 1024K, 19 young (19456K), 2 survivors (2048K)
 Metaspace       used 95758K, capacity 100643K, committed 100764K, reserved 1136640K
  class space    used 12425K, capacity 13960K, committed 14080K, reserved 1048576K
}
Event: 51.887 GC heap after
{Heap after GC invocations=72 (full 0):
 garbage-first heap   total 392192K, used 190759K [0x00000000a0000000, 0x0000000100000000)
  region size 1024K, 3 young (3072K), 3 survivors (3072K)
 Metaspace       used 95758K, capacity 100643K, committed 100764K, reserved 1136640K
  class space    used 12425K, capacity 13960K, committed 14080K, reserved 1048576K
}
Event: 51.970 GC heap before
{Heap before GC invocations=72 (full 0):
 garbage-first heap   total 392192K, used 236839K [0x00000000a0000000, 0x0000000100000000)
  region size 1024K, 7 young (7168K), 3 survivors (3072K)
 Metaspace       used 95920K, capacity 100752K, committed 101020K, reserved 1136640K
  class space    used 12444K, capacity 13995K, committed 14080K, reserved 1048576K
}
Event: 51.975 GC heap after
{Heap after GC invocations=73 (full 0):
 garbage-first heap   total 392192K, used 197223K [0x00000000a0000000, 0x0000000100000000)
  region size 1024K, 4 young (4096K), 4 survivors (4096K)
 Metaspace       used 95920K, capacity 100752K, committed 101020K, reserved 1136640K
  class space    used 12444K, capacity 13995K, committed 14080K, reserved 1048576K
}

